::1 - - [30/Jul/2024:13:47:01 +0700] "GET / HTTP/1.1" 200 83359
::1 - - [30/Jul/2024:13:47:01 +0700] "GET /favicon.ico HTTP/1.1" 404 196
::1 - - [30/Jul/2024:13:47:09 +0700] "GET /admin HTTP/1.1" 404 196
::1 - - [30/Jul/2024:13:47:31 +0700] "GET /admin HTTP/1.1" 301 231
::1 - - [30/Jul/2024:13:47:31 +0700] "GET /admin/ HTTP/1.1" 200 4459
::1 - - [30/Jul/2024:13:47:31 +0700] "GET /admin/js/vendor/codemirror/addon/hint/show-hint.css?v=5.2.1 HTTP/1.1" 200 649
::1 - - [30/Jul/2024:13:47:31 +0700] "GET /admin/js/vendor/codemirror/addon/lint/lint.css?v=5.2.1 HTTP/1.1" 200 3035
::1 - - [30/Jul/2024:13:47:31 +0700] "GET /admin/themes/pmahomme/jquery/jquery-ui.css HTTP/1.1" 200 36566
::1 - - [30/Jul/2024:13:47:31 +0700] "GET /admin/js/vendor/codemirror/lib/codemirror.css?v=5.2.1 HTTP/1.1" 200 8720
::1 - - [30/Jul/2024:13:47:31 +0700] "GET /admin/themes/pmahomme/css/theme.css?v=5.2.1 HTTP/1.1" 200 357367
::1 - - [30/Jul/2024:13:47:31 +0700] "GET /admin/js/vendor/jquery/jquery.min.js?v=5.2.1 HTTP/1.1" 200 89947
::1 - - [30/Jul/2024:13:47:31 +0700] "GET /admin/js/vendor/sprintf.js?v=5.2.1 HTTP/1.1" 200 7409
::1 - - [30/Jul/2024:13:47:31 +0700] "GET /admin/js/vendor/jquery/jquery-migrate.min.js?v=5.2.1 HTTP/1.1" 200 13467
::1 - - [30/Jul/2024:13:47:31 +0700] "GET /admin/js/dist/ajax.js?v=5.2.1 HTTP/1.1" 200 29948
::1 - - [30/Jul/2024:13:47:31 +0700] "GET /admin/js/dist/keyhandler.js?v=5.2.1 HTTP/1.1" 200 2059
::1 - - [30/Jul/2024:13:47:31 +0700] "GET /admin/js/dist/name-conflict-fixes.js?v=5.2.1 HTTP/1.1" 200 43
::1 - - [30/Jul/2024:13:47:31 +0700] "GET /admin/js/vendor/jquery/jquery-ui.min.js?v=5.2.1 HTTP/1.1" 200 255084
::1 - - [30/Jul/2024:13:47:31 +0700] "GET /admin/js/vendor/js.cookie.js?v=5.2.1 HTTP/1.1" 200 3883
::1 - - [30/Jul/2024:13:47:31 +0700] "GET /admin/js/vendor/bootstrap/bootstrap.bundle.min.js?v=5.2.1 HTTP/1.1" 200 80420
::1 - - [30/Jul/2024:13:47:31 +0700] "GET /admin/js/vendor/jquery/jquery.validate.min.js?v=5.2.1 HTTP/1.1" 200 24601
::1 - - [30/Jul/2024:13:47:31 +0700] "GET /admin/js/vendor/jquery/jquery.debounce-1.0.6.js?v=5.2.1 HTTP/1.1" 200 1608
::1 - - [30/Jul/2024:13:47:31 +0700] "GET /admin/js/vendor/jquery/jquery-ui-timepicker-addon.js?v=5.2.1 HTTP/1.1" 200 78475
::1 - - [30/Jul/2024:13:47:31 +0700] "GET /admin/js/dist/menu_resizer.js?v=5.2.1 HTTP/1.1" 200 5729
::1 - - [30/Jul/2024:13:47:31 +0700] "GET /admin/js/dist/cross_framing_protection.js?v=5.2.1 HTTP/1.1" 200 405
::1 - - [30/Jul/2024:13:47:31 +0700] "GET /admin/js/dist/doclinks.js?v=5.2.1 HTTP/1.1" 200 18276
::1 - - [30/Jul/2024:13:47:31 +0700] "GET /admin/js/dist/config.js?v=5.2.1 HTTP/1.1" 200 24059
::1 - - [30/Jul/2024:13:47:31 +0700] "GET /admin/js/dist/functions.js?v=5.2.1 HTTP/1.1" 200 148069
::1 - - [30/Jul/2024:13:47:31 +0700] "GET /admin/js/dist/keyhandler.js?v=5.2.1 HTTP/1.1" 200 2059
::1 - - [30/Jul/2024:13:47:31 +0700] "GET /admin/js/dist/indexes.js?v=5.2.1 HTTP/1.1" 200 26962
::1 - - [30/Jul/2024:13:47:31 +0700] "GET /admin/js/dist/navigation.js?v=5.2.1 HTTP/1.1" 200 51830
::1 - - [30/Jul/2024:13:47:31 +0700] "GET /admin/js/vendor/jquery/jquery.min.js?v=5.2.1 HTTP/1.1" 200 89947
::1 - - [30/Jul/2024:13:47:31 +0700] "GET /admin/js/vendor/sprintf.js?v=5.2.1 HTTP/1.1" 200 7409
::1 - - [30/Jul/2024:13:47:31 +0700] "GET /admin/js/vendor/jquery/jquery-migrate.min.js?v=5.2.1 HTTP/1.1" 200 13467
::1 - - [30/Jul/2024:13:47:31 +0700] "GET /admin/js/dist/ajax.js?v=5.2.1 HTTP/1.1" 200 29948
::1 - - [30/Jul/2024:13:47:31 +0700] "GET /admin/js/vendor/js.cookie.js?v=5.2.1 HTTP/1.1" 200 3883
::1 - - [30/Jul/2024:13:47:31 +0700] "GET /admin/js/dist/common.js?v=5.2.1 HTTP/1.1" 200 4530
::1 - - [30/Jul/2024:13:47:31 +0700] "GET /admin/js/dist/page_settings.js?v=5.2.1 HTTP/1.1" 200 1818
::1 - - [30/Jul/2024:13:47:31 +0700] "GET /admin/js/dist/name-conflict-fixes.js?v=5.2.1 HTTP/1.1" 200 43
::1 - - [30/Jul/2024:13:47:31 +0700] "GET /admin/js/vendor/codemirror/mode/sql/sql.js?v=5.2.1 HTTP/1.1" 200 59564
::1 - - [30/Jul/2024:13:47:31 +0700] "GET /admin/js/vendor/codemirror/lib/codemirror.js?v=5.2.1 HTTP/1.1" 200 401653
::1 - - [30/Jul/2024:13:47:31 +0700] "GET /admin/js/messages.php?l=en&v=5.2.1&lang=en HTTP/1.1" 200 7911
::1 - - [30/Jul/2024:13:47:31 +0700] "GET /admin/js/vendor/jquery/jquery.debounce-1.0.6.js?v=5.2.1 HTTP/1.1" 200 1608
::1 - - [30/Jul/2024:13:47:31 +0700] "GET /admin/js/vendor/bootstrap/bootstrap.bundle.min.js?v=5.2.1 HTTP/1.1" 200 80420
::1 - - [30/Jul/2024:13:47:31 +0700] "GET /admin/js/vendor/jquery/jquery.validate.min.js?v=5.2.1 HTTP/1.1" 200 24601
::1 - - [30/Jul/2024:13:47:31 +0700] "GET /admin/js/vendor/codemirror/addon/runmode/runmode.js?v=5.2.1 HTTP/1.1" 200 2777
::1 - - [30/Jul/2024:13:47:31 +0700] "GET /admin/js/vendor/jquery/jquery-ui.min.js?v=5.2.1 HTTP/1.1" 200 255084
::1 - - [30/Jul/2024:13:47:31 +0700] "GET /admin/js/vendor/codemirror/addon/hint/show-hint.js?v=5.2.1 HTTP/1.1" 200 19792
::1 - - [30/Jul/2024:13:47:31 +0700] "GET /admin/js/dist/cross_framing_protection.js?v=5.2.1 HTTP/1.1" 200 405
::1 - - [30/Jul/2024:13:47:31 +0700] "GET /admin/js/vendor/jquery/jquery-ui-timepicker-addon.js?v=5.2.1 HTTP/1.1" 200 78475
::1 - - [30/Jul/2024:13:47:31 +0700] "GET /admin/js/vendor/codemirror/addon/hint/sql-hint.js?v=5.2.1 HTTP/1.1" 200 9560
::1 - - [30/Jul/2024:13:47:31 +0700] "GET /admin/js/dist/menu_resizer.js?v=5.2.1 HTTP/1.1" 200 5729
::1 - - [30/Jul/2024:13:47:31 +0700] "GET /admin/js/vendor/codemirror/addon/lint/lint.js?v=5.2.1 HTTP/1.1" 200 9987
::1 - - [30/Jul/2024:13:47:31 +0700] "GET /admin/js/vendor/tracekit.js?v=5.2.1 HTTP/1.1" 200 47128
::1 - - [30/Jul/2024:13:47:31 +0700] "GET /admin/js/dist/error_report.js?v=5.2.1 HTTP/1.1" 200 9264
::1 - - [30/Jul/2024:13:47:31 +0700] "GET /admin/js/dist/codemirror/addon/lint/sql-lint.js?v=5.2.1 HTTP/1.1" 200 940
::1 - - [30/Jul/2024:13:47:31 +0700] "GET /admin/js/dist/drag_drop_import.js?v=5.2.1 HTTP/1.1" 200 12431
::1 - - [30/Jul/2024:13:47:31 +0700] "GET /admin/js/dist/shortcuts_handler.js?v=5.2.1 HTTP/1.1" 200 3303
::1 - - [30/Jul/2024:13:47:31 +0700] "GET /admin/js/dist/console.js?v=5.2.1 HTTP/1.1" 200 49548
::1 - - [30/Jul/2024:13:47:31 +0700] "GET /admin/themes/pmahomme/img/logo_right.png HTTP/1.1" 200 4306
::1 - - [30/Jul/2024:13:47:31 +0700] "GET /admin/themes/dot.gif HTTP/1.1" 200 43
::1 - - [30/Jul/2024:13:47:31 +0700] "GET /admin/themes/pmahomme/img/b_help.png HTTP/1.1" 200 705
::1 - - [30/Jul/2024:13:47:32 +0700] "GET /admin/js/dist/doclinks.js?v=5.2.1 HTTP/1.1" 200 18276
::1 - - [30/Jul/2024:13:47:32 +0700] "GET /admin/js/dist/config.js?v=5.2.1 HTTP/1.1" 200 24059
::1 - - [30/Jul/2024:13:47:32 +0700] "GET /admin/js/dist/navigation.js?v=5.2.1 HTTP/1.1" 200 51830
::1 - - [30/Jul/2024:13:47:32 +0700] "GET /admin/js/dist/indexes.js?v=5.2.1 HTTP/1.1" 200 26962
::1 - - [30/Jul/2024:13:47:32 +0700] "GET /admin/js/dist/functions.js?v=5.2.1 HTTP/1.1" 200 148069
::1 - - [30/Jul/2024:13:47:32 +0700] "GET /admin/js/dist/page_settings.js?v=5.2.1 HTTP/1.1" 200 1818
::1 - - [30/Jul/2024:13:47:32 +0700] "GET /admin/js/dist/common.js?v=5.2.1 HTTP/1.1" 200 4530
::1 - - [30/Jul/2024:13:47:32 +0700] "GET /admin/js/vendor/codemirror/addon/runmode/runmode.js?v=5.2.1 HTTP/1.1" 200 2777
::1 - - [30/Jul/2024:13:47:32 +0700] "GET /admin/js/vendor/codemirror/mode/sql/sql.js?v=5.2.1 HTTP/1.1" 200 59564
::1 - - [30/Jul/2024:13:47:32 +0700] "GET /admin/js/vendor/codemirror/addon/hint/show-hint.js?v=5.2.1 HTTP/1.1" 200 19792
::1 - - [30/Jul/2024:13:47:32 +0700] "GET /admin/js/messages.php?l=en&v=5.2.1&lang=en HTTP/1.1" 200 7911
::1 - - [30/Jul/2024:13:47:32 +0700] "GET /admin/favicon.ico HTTP/1.1" 200 22486
::1 - - [30/Jul/2024:13:47:39 +0700] "POST /admin/index.php?route=/ HTTP/1.1" 302 20
::1 - - [30/Jul/2024:13:47:39 +0700] "GET /admin/index.php?route=/&route=%2F HTTP/1.1" 200 16924
::1 - - [30/Jul/2024:13:47:40 +0700] "GET /admin/themes/pmahomme/img/logo_left.png HTTP/1.1" 200 2713
::1 - - [30/Jul/2024:13:47:40 +0700] "GET /admin/js/dist/home.js?v=5.2.1 HTTP/1.1" 200 5275
::1 - - [30/Jul/2024:13:47:40 +0700] "GET /admin/js/messages.php?l=en&v=5.2.1 HTTP/1.1" 200 7911
::1 - - [30/Jul/2024:13:47:40 +0700] "GET /admin/themes/pmahomme/img/b_home.png HTTP/1.1" 200 734
::1 - - [30/Jul/2024:13:47:40 +0700] "GET /admin/themes/pmahomme/img/s_loggoff.png HTTP/1.1" 200 626
::1 - - [30/Jul/2024:13:47:40 +0700] "GET /admin/themes/pmahomme/img/b_docs.png HTTP/1.1" 200 705
::1 - - [30/Jul/2024:13:47:40 +0700] "GET /admin/themes/pmahomme/img/s_cog.png HTTP/1.1" 200 442
::1 - - [30/Jul/2024:13:47:40 +0700] "GET /admin/themes/pmahomme/img/s_reload.png HTTP/1.1" 200 527
::1 - - [30/Jul/2024:13:47:40 +0700] "GET /admin/themes/pmahomme/img/b_sqlhelp.png HTTP/1.1" 200 512
::1 - - [30/Jul/2024:13:47:40 +0700] "GET /admin/themes/pmahomme/img/s_asci.png HTTP/1.1" 200 148
::1 - - [30/Jul/2024:13:47:40 +0700] "GET /admin/themes/pmahomme/img/s_passwd.png HTTP/1.1" 200 331
::1 - - [30/Jul/2024:13:47:40 +0700] "GET /admin/themes/pmahomme/img/s_host.png HTTP/1.1" 200 591
::1 - - [30/Jul/2024:13:47:40 +0700] "GET /admin/themes/pmahomme/img/s_top.png HTTP/1.1" 200 220
::1 - - [30/Jul/2024:13:47:40 +0700] "GET /admin/themes/pmahomme/img/s_link.png HTTP/1.1" 200 280
::1 - - [30/Jul/2024:13:47:40 +0700] "GET /admin/themes/pmahomme/img/b_newdb.png HTTP/1.1" 200 585
::1 - - [30/Jul/2024:13:47:40 +0700] "GET /admin/themes/pmahomme/img/b_tblops.png HTTP/1.1" 200 537
::1 - - [30/Jul/2024:13:47:40 +0700] "GET /admin/themes/pmahomme/img/s_lang.png HTTP/1.1" 200 659
::1 - - [30/Jul/2024:13:47:40 +0700] "GET /admin/themes/pmahomme/img/b_plus.png HTTP/1.1" 200 143
::1 - - [30/Jul/2024:13:47:40 +0700] "GET /admin/themes/pmahomme/img/s_db.png HTTP/1.1" 200 328
::1 - - [30/Jul/2024:13:47:40 +0700] "GET /admin/themes/pmahomme/img/s_theme.png HTTP/1.1" 200 772
::1 - - [30/Jul/2024:13:47:40 +0700] "GET /admin/themes/pmahomme/img/s_collapseall.png HTTP/1.1" 200 143
::1 - - [30/Jul/2024:13:47:40 +0700] "GET /admin/themes/pmahomme/img/console.png HTTP/1.1" 200 292
::1 - - [30/Jul/2024:13:47:40 +0700] "GET /admin/themes/pmahomme/img/s_attention.png HTTP/1.1" 200 567
::1 - - [30/Jul/2024:13:47:40 +0700] "GET /admin/themes/pmahomme/img/s_notice.png HTTP/1.1" 200 567
::1 - - [30/Jul/2024:13:47:40 +0700] "GET /admin/themes/pmahomme/img/window-new.png HTTP/1.1" 200 468
::1 - - [30/Jul/2024:13:47:40 +0700] "POST /admin/index.php?route=/config/get HTTP/1.1" 200 1457
::1 - - [30/Jul/2024:13:47:40 +0700] "POST /admin/index.php?route=/navigation&ajax_request=1 HTTP/1.1" 200 2148
::1 - - [30/Jul/2024:13:47:40 +0700] "POST /admin/index.php?route=/config/get HTTP/1.1" 200 1549
::1 - - [30/Jul/2024:13:47:40 +0700] "POST /admin/index.php?route=/version-check HTTP/1.1" 200 48
::1 - - [30/Jul/2024:13:47:41 +0700] "POST /admin/index.php?route=/config/set HTTP/1.1" 200 1448
::1 - - [30/Jul/2024:13:47:44 +0700] "GET /admin/themes/pmahomme/img/ajax_clock_small.gif HTTP/1.1" 200 1810
::1 - - [30/Jul/2024:13:47:44 +0700] "GET /admin/index.php?route=/check-relations&ajax_request=true&ajax_page_request=true&_nocache=1722322064973284997&token=63482960725e29627168293241457779 HTTP/1.1" 200 1759
::1 - - [30/Jul/2024:13:47:55 +0700] "GET /admin/themes/pmahomme/img/b_sql.png HTTP/1.1" 200 680
::1 - - [30/Jul/2024:13:47:55 +0700] "GET /admin/themes/pmahomme/img/b_import.png HTTP/1.1" 200 556
::1 - - [30/Jul/2024:13:47:55 +0700] "GET /admin/themes/pmahomme/img/b_export.png HTTP/1.1" 200 514
::1 - - [30/Jul/2024:13:47:55 +0700] "GET /admin/themes/pmahomme/img/s_rights.png HTTP/1.1" 200 461
::1 - - [30/Jul/2024:13:47:55 +0700] "GET /admin/themes/pmahomme/img/s_status.png HTTP/1.1" 200 600
::1 - - [30/Jul/2024:13:47:55 +0700] "GET /admin/themes/pmahomme/img/s_vars.png HTTP/1.1" 200 523
::1 - - [30/Jul/2024:13:47:55 +0700] "GET /admin/themes/pmahomme/img/s_replication.png HTTP/1.1" 200 399
::1 - - [30/Jul/2024:13:47:55 +0700] "GET /admin/themes/pmahomme/img/b_plugin.png HTTP/1.1" 200 512
::1 - - [30/Jul/2024:13:47:55 +0700] "GET /admin/themes/pmahomme/img/b_engine.png HTTP/1.1" 200 398
::1 - - [30/Jul/2024:13:47:50 +0700] "POST /admin/index.php?route=/check-relations HTTP/1.1" 200 2314
::1 - - [30/Jul/2024:13:47:57 +0700] "POST /admin/index.php?route=/navigation&ajax_request=1 HTTP/1.1" 200 2197
::1 - - [30/Jul/2024:13:48:03 +0700] "GET /admin/index.php?ajax_request=true&ajax_page_request=true&_nocache=1722322083571829275&token=63482960725e29627168293241457779 HTTP/1.1" 200 8607
::1 - - [30/Jul/2024:13:48:03 +0700] "POST /admin/index.php?route=/navigation&ajax_request=1 HTTP/1.1" 200 2197
::1 - - [30/Jul/2024:13:48:03 +0700] "POST /admin/index.php?route=/database/structure/favorite-table&ajax_request=1&favorite_table=1&sync_favorite_tables=1 HTTP/1.1" 200 155
::1 - - [30/Jul/2024:13:48:03 +0700] "POST /admin/index.php?route=/version-check HTTP/1.1" 200 48
::1 - - [30/Jul/2024:13:48:06 +0700] "GET /admin/doc/html/config.html HTTP/1.1" 200 356313
::1 - - [30/Jul/2024:13:48:06 +0700] "GET /admin/doc/html/_static/documentation_options.js HTTP/1.1" 200 355
::1 - - [30/Jul/2024:13:48:06 +0700] "GET /admin/doc/html/_static/pygments.css HTTP/1.1" 200 4780
::1 - - [30/Jul/2024:13:48:06 +0700] "GET /admin/doc/html/_static/doctools.js HTTP/1.1" 200 9416
::1 - - [30/Jul/2024:13:48:06 +0700] "GET /admin/doc/html/_static/underscore.js HTTP/1.1" 200 58881
::1 - - [30/Jul/2024:13:48:06 +0700] "GET /admin/doc/html/_static/classic.css HTTP/1.1" 200 4256
::1 - - [30/Jul/2024:13:48:07 +0700] "GET /admin/doc/html/_static/basic.css HTTP/1.1" 200 13647
::1 - - [30/Jul/2024:13:48:06 +0700] "GET /admin/doc/html/_static/jquery.js HTTP/1.1" 200 287600
::1 - - [30/Jul/2024:13:49:01 +0700] "GET /admin/index.php HTTP/1.1" 200 17109
::1 - - [30/Jul/2024:13:49:05 +0700] "POST /admin/index.php?route=/config/get HTTP/1.1" 200 1463
::1 - - [30/Jul/2024:13:49:05 +0700] "POST /admin/index.php?route=/navigation&ajax_request=1 HTTP/1.1" 200 2197
::1 - - [30/Jul/2024:13:49:05 +0700] "POST /admin/index.php?route=/version-check HTTP/1.1" 200 48
::1 - - [30/Jul/2024:13:49:05 +0700] "POST /admin/index.php?route=/database/structure/favorite-table&ajax_request=1&favorite_table=1&sync_favorite_tables=1 HTTP/1.1" 200 155
::1 - - [30/Jul/2024:13:49:05 +0700] "POST /admin/index.php?route=/config/get HTTP/1.1" 200 1556
::1 - - [30/Jul/2024:13:49:06 +0700] "POST /admin/index.php?route=/config/set HTTP/1.1" 200 1455
::1 - - [30/Jul/2024:13:50:57 +0700] "GET /admin/index.php HTTP/1.1" 200 16913
::1 - - [30/Jul/2024:13:50:57 +0700] "POST /admin/index.php?route=/config/get HTTP/1.1" 200 1463
::1 - - [30/Jul/2024:13:50:57 +0700] "POST /admin/index.php?route=/navigation&ajax_request=1 HTTP/1.1" 200 2197
::1 - - [30/Jul/2024:13:50:57 +0700] "POST /admin/index.php?route=/config/get HTTP/1.1" 200 1556
::1 - - [30/Jul/2024:13:50:57 +0700] "POST /admin/index.php?route=/version-check HTTP/1.1" 200 48
::1 - - [30/Jul/2024:13:50:57 +0700] "POST /admin/index.php?route=/database/structure/favorite-table&ajax_request=1&favorite_table=1&sync_favorite_tables=1 HTTP/1.1" 200 155
::1 - - [30/Jul/2024:13:50:58 +0700] "POST /admin/index.php?route=/config/set HTTP/1.1" 200 1455
::1 - - [30/Jul/2024:13:51:14 +0700] "GET /admin/index.php HTTP/1.1" 200 16913
::1 - - [30/Jul/2024:13:51:14 +0700] "POST /admin/index.php?route=/config/get HTTP/1.1" 200 1463
::1 - - [30/Jul/2024:13:51:14 +0700] "POST /admin/index.php?route=/navigation&ajax_request=1 HTTP/1.1" 200 2197
::1 - - [30/Jul/2024:13:51:14 +0700] "POST /admin/index.php?route=/version-check HTTP/1.1" 200 48
::1 - - [30/Jul/2024:13:51:14 +0700] "POST /admin/index.php?route=/database/structure/favorite-table&ajax_request=1&favorite_table=1&sync_favorite_tables=1 HTTP/1.1" 200 155
::1 - - [30/Jul/2024:13:51:14 +0700] "POST /admin/index.php?route=/config/get HTTP/1.1" 200 1556
::1 - - [30/Jul/2024:13:51:15 +0700] "POST /admin/index.php?route=/config/set HTTP/1.1" 200 1455
::1 - - [30/Jul/2024:13:52:10 +0700] "GET /admin/doc/html/config.html HTTP/1.1" 200 356313
::1 - - [30/Jul/2024:13:53:10 +0700] "-" 408 -
::1 - - [30/Jul/2024:13:53:17 +0700] "GET /admin/index.php HTTP/1.1" 200 4570
::1 - - [30/Jul/2024:13:53:17 +0700] "GET /admin/themes/pmahomme/img/s_error.png HTTP/1.1" 200 614
::1 - - [30/Jul/2024:13:53:17 +0700] "GET /admin/show_config_errors.php HTTP/1.1" 200 367
::1 - - [30/Jul/2024:13:53:46 +0700] "GET /admin/index.php HTTP/1.1" 200 4571
::1 - - [30/Jul/2024:13:53:47 +0700] "GET /admin/themes/pmahomme/jquery/jquery-ui.css HTTP/1.1" 200 36566
::1 - - [30/Jul/2024:13:53:47 +0700] "GET /admin/js/vendor/codemirror/lib/codemirror.css?v=5.2.1 HTTP/1.1" 200 8720
::1 - - [30/Jul/2024:13:53:47 +0700] "GET /admin/js/vendor/codemirror/addon/hint/show-hint.css?v=5.2.1 HTTP/1.1" 200 649
::1 - - [30/Jul/2024:13:53:47 +0700] "GET /admin/js/vendor/codemirror/addon/lint/lint.css?v=5.2.1 HTTP/1.1" 200 3035
::1 - - [30/Jul/2024:13:53:47 +0700] "GET /admin/themes/pmahomme/css/theme.css?v=5.2.1 HTTP/1.1" 200 357367
::1 - - [30/Jul/2024:13:53:47 +0700] "GET /admin/js/vendor/jquery/jquery.min.js?v=5.2.1 HTTP/1.1" 200 89947
::1 - - [30/Jul/2024:13:53:47 +0700] "GET /admin/js/vendor/sprintf.js?v=5.2.1 HTTP/1.1" 200 7409
::1 - - [30/Jul/2024:13:53:47 +0700] "GET /admin/js/dist/ajax.js?v=5.2.1 HTTP/1.1" 200 29948
::1 - - [30/Jul/2024:13:53:47 +0700] "GET /admin/js/vendor/jquery/jquery-migrate.min.js?v=5.2.1 HTTP/1.1" 200 13467
::1 - - [30/Jul/2024:13:53:47 +0700] "GET /admin/js/dist/keyhandler.js?v=5.2.1 HTTP/1.1" 200 2059
::1 - - [30/Jul/2024:13:53:47 +0700] "GET /admin/js/vendor/jquery/jquery-ui.min.js?v=5.2.1 HTTP/1.1" 200 255084
::1 - - [30/Jul/2024:13:53:47 +0700] "GET /admin/js/vendor/bootstrap/bootstrap.bundle.min.js?v=5.2.1 HTTP/1.1" 200 80420
::1 - - [30/Jul/2024:13:53:47 +0700] "GET /admin/js/dist/name-conflict-fixes.js?v=5.2.1 HTTP/1.1" 200 43
::1 - - [30/Jul/2024:13:53:47 +0700] "GET /admin/js/vendor/js.cookie.js?v=5.2.1 HTTP/1.1" 200 3883
::1 - - [30/Jul/2024:13:53:47 +0700] "GET /admin/js/vendor/jquery/jquery.validate.min.js?v=5.2.1 HTTP/1.1" 200 24601
::1 - - [30/Jul/2024:13:53:47 +0700] "GET /admin/js/vendor/jquery/jquery-ui-timepicker-addon.js?v=5.2.1 HTTP/1.1" 200 78475
::1 - - [30/Jul/2024:13:53:47 +0700] "GET /admin/js/vendor/jquery/jquery.debounce-1.0.6.js?v=5.2.1 HTTP/1.1" 200 1608
::1 - - [30/Jul/2024:13:53:47 +0700] "GET /admin/js/dist/menu_resizer.js?v=5.2.1 HTTP/1.1" 200 5729
::1 - - [30/Jul/2024:13:53:47 +0700] "GET /admin/js/dist/cross_framing_protection.js?v=5.2.1 HTTP/1.1" 200 405
::1 - - [30/Jul/2024:13:53:47 +0700] "GET /admin/js/dist/config.js?v=5.2.1 HTTP/1.1" 200 24059
::1 - - [30/Jul/2024:13:53:47 +0700] "GET /admin/js/dist/doclinks.js?v=5.2.1 HTTP/1.1" 200 18276
::1 - - [30/Jul/2024:13:53:47 +0700] "GET /admin/js/dist/functions.js?v=5.2.1 HTTP/1.1" 200 148069
::1 - - [30/Jul/2024:13:53:47 +0700] "GET /admin/js/dist/navigation.js?v=5.2.1 HTTP/1.1" 200 51830
::1 - - [30/Jul/2024:13:53:47 +0700] "GET /admin/js/dist/common.js?v=5.2.1 HTTP/1.1" 200 4530
::1 - - [30/Jul/2024:13:53:47 +0700] "GET /admin/js/dist/indexes.js?v=5.2.1 HTTP/1.1" 200 26962
::1 - - [30/Jul/2024:13:53:47 +0700] "GET /admin/js/dist/page_settings.js?v=5.2.1 HTTP/1.1" 200 1818
::1 - - [30/Jul/2024:13:53:47 +0700] "GET /admin/js/vendor/codemirror/lib/codemirror.js?v=5.2.1 HTTP/1.1" 200 401653
::1 - - [30/Jul/2024:13:53:47 +0700] "GET /admin/js/vendor/codemirror/addon/runmode/runmode.js?v=5.2.1 HTTP/1.1" 200 2777
::1 - - [30/Jul/2024:13:53:47 +0700] "GET /admin/js/vendor/codemirror/mode/sql/sql.js?v=5.2.1 HTTP/1.1" 200 59564
::1 - - [30/Jul/2024:13:53:47 +0700] "GET /admin/js/vendor/codemirror/addon/hint/show-hint.js?v=5.2.1 HTTP/1.1" 200 19792
::1 - - [30/Jul/2024:13:53:47 +0700] "GET /admin/js/vendor/codemirror/addon/hint/sql-hint.js?v=5.2.1 HTTP/1.1" 200 9560
::1 - - [30/Jul/2024:13:53:47 +0700] "GET /admin/js/vendor/codemirror/addon/lint/lint.js?v=5.2.1 HTTP/1.1" 200 9987
::1 - - [30/Jul/2024:13:53:47 +0700] "GET /admin/js/dist/codemirror/addon/lint/sql-lint.js?v=5.2.1 HTTP/1.1" 200 940
::1 - - [30/Jul/2024:13:53:47 +0700] "GET /admin/js/dist/error_report.js?v=5.2.1 HTTP/1.1" 200 9264
::1 - - [30/Jul/2024:13:53:47 +0700] "GET /admin/js/vendor/tracekit.js?v=5.2.1 HTTP/1.1" 200 47128
::1 - - [30/Jul/2024:13:53:47 +0700] "GET /admin/js/dist/drag_drop_import.js?v=5.2.1 HTTP/1.1" 200 12431
::1 - - [30/Jul/2024:13:53:47 +0700] "GET /admin/js/dist/shortcuts_handler.js?v=5.2.1 HTTP/1.1" 200 3303
::1 - - [30/Jul/2024:13:53:47 +0700] "GET /admin/js/dist/console.js?v=5.2.1 HTTP/1.1" 200 49548
::1 - - [30/Jul/2024:13:53:47 +0700] "GET /admin/themes/pmahomme/img/logo_right.png HTTP/1.1" 200 4306
::1 - - [30/Jul/2024:13:53:47 +0700] "GET /admin/themes/dot.gif HTTP/1.1" 200 43
::1 - - [30/Jul/2024:13:53:47 +0700] "GET /admin/js/messages.php?l=en&v=5.2.1 HTTP/1.1" 200 7911
::1 - - [30/Jul/2024:13:53:47 +0700] "GET /admin/show_config_errors.php HTTP/1.1" 200 367
::1 - - [30/Jul/2024:13:53:47 +0700] "GET /admin/themes/pmahomme/img/s_error.png HTTP/1.1" 200 614
::1 - - [30/Jul/2024:13:53:47 +0700] "GET /admin/themes/pmahomme/img/b_help.png HTTP/1.1" 200 705
::1 - - [30/Jul/2024:13:53:47 +0700] "GET /admin/favicon.ico HTTP/1.1" 200 22486
::1 - - [30/Jul/2024:13:53:53 +0700] "GET /admin/index.php HTTP/1.1" 200 4571
::1 - - [30/Jul/2024:13:53:53 +0700] "GET /admin/show_config_errors.php HTTP/1.1" 200 367
::1 - - [30/Jul/2024:13:53:54 +0700] "GET /admin/index.php HTTP/1.1" 200 4566
::1 - - [30/Jul/2024:13:53:54 +0700] "GET /admin/themes/pmahomme/jquery/jquery-ui.css HTTP/1.1" 200 36566
::1 - - [30/Jul/2024:13:53:54 +0700] "GET /admin/js/vendor/codemirror/addon/hint/show-hint.css?v=5.2.1 HTTP/1.1" 200 649
::1 - - [30/Jul/2024:13:53:54 +0700] "GET /admin/js/vendor/codemirror/addon/lint/lint.css?v=5.2.1 HTTP/1.1" 200 3035
::1 - - [30/Jul/2024:13:53:54 +0700] "GET /admin/themes/pmahomme/css/theme.css?v=5.2.1 HTTP/1.1" 200 357367
::1 - - [30/Jul/2024:13:53:54 +0700] "GET /admin/js/dist/ajax.js?v=5.2.1 HTTP/1.1" 200 29948
::1 - - [30/Jul/2024:13:53:54 +0700] "GET /admin/js/vendor/sprintf.js?v=5.2.1 HTTP/1.1" 200 7409
::1 - - [30/Jul/2024:13:53:54 +0700] "GET /admin/js/vendor/codemirror/lib/codemirror.css?v=5.2.1 HTTP/1.1" 200 8720
::1 - - [30/Jul/2024:13:53:54 +0700] "GET /admin/js/vendor/jquery/jquery.min.js?v=5.2.1 HTTP/1.1" 200 89947
::1 - - [30/Jul/2024:13:53:54 +0700] "GET /admin/js/vendor/jquery/jquery-migrate.min.js?v=5.2.1 HTTP/1.1" 200 13467
::1 - - [30/Jul/2024:13:53:54 +0700] "GET /admin/js/dist/keyhandler.js?v=5.2.1 HTTP/1.1" 200 2059
::1 - - [30/Jul/2024:13:53:54 +0700] "GET /admin/js/dist/name-conflict-fixes.js?v=5.2.1 HTTP/1.1" 200 43
::1 - - [30/Jul/2024:13:53:54 +0700] "GET /admin/js/vendor/jquery/jquery-ui.min.js?v=5.2.1 HTTP/1.1" 200 255084
::1 - - [30/Jul/2024:13:53:54 +0700] "GET /admin/js/vendor/bootstrap/bootstrap.bundle.min.js?v=5.2.1 HTTP/1.1" 200 80420
::1 - - [30/Jul/2024:13:53:54 +0700] "GET /admin/js/vendor/js.cookie.js?v=5.2.1 HTTP/1.1" 200 3883
::1 - - [30/Jul/2024:13:53:54 +0700] "GET /admin/js/vendor/jquery/jquery.validate.min.js?v=5.2.1 HTTP/1.1" 200 24601
::1 - - [30/Jul/2024:13:53:54 +0700] "GET /admin/js/vendor/jquery/jquery-ui-timepicker-addon.js?v=5.2.1 HTTP/1.1" 200 78475
::1 - - [30/Jul/2024:13:53:54 +0700] "GET /admin/js/vendor/jquery/jquery.debounce-1.0.6.js?v=5.2.1 HTTP/1.1" 200 1608
::1 - - [30/Jul/2024:13:53:54 +0700] "GET /admin/js/dist/cross_framing_protection.js?v=5.2.1 HTTP/1.1" 200 405
::1 - - [30/Jul/2024:13:53:54 +0700] "GET /admin/js/dist/menu_resizer.js?v=5.2.1 HTTP/1.1" 200 5729
::1 - - [30/Jul/2024:13:53:54 +0700] "GET /admin/js/dist/config.js?v=5.2.1 HTTP/1.1" 200 24059
::1 - - [30/Jul/2024:13:53:54 +0700] "GET /admin/js/dist/doclinks.js?v=5.2.1 HTTP/1.1" 200 18276
::1 - - [30/Jul/2024:13:53:54 +0700] "GET /admin/js/dist/functions.js?v=5.2.1 HTTP/1.1" 200 148069
::1 - - [30/Jul/2024:13:53:54 +0700] "GET /admin/js/dist/navigation.js?v=5.2.1 HTTP/1.1" 200 51830
::1 - - [30/Jul/2024:13:53:54 +0700] "GET /admin/js/dist/indexes.js?v=5.2.1 HTTP/1.1" 200 26962
::1 - - [30/Jul/2024:13:53:54 +0700] "GET /admin/js/dist/page_settings.js?v=5.2.1 HTTP/1.1" 200 1818
::1 - - [30/Jul/2024:13:53:54 +0700] "GET /admin/js/dist/common.js?v=5.2.1 HTTP/1.1" 200 4530
::1 - - [30/Jul/2024:13:53:54 +0700] "GET /admin/js/vendor/codemirror/mode/sql/sql.js?v=5.2.1 HTTP/1.1" 200 59564
::1 - - [30/Jul/2024:13:53:54 +0700] "GET /admin/js/vendor/codemirror/lib/codemirror.js?v=5.2.1 HTTP/1.1" 200 401653
::1 - - [30/Jul/2024:13:53:54 +0700] "GET /admin/js/vendor/codemirror/addon/runmode/runmode.js?v=5.2.1 HTTP/1.1" 200 2777
::1 - - [30/Jul/2024:13:53:54 +0700] "GET /admin/js/vendor/codemirror/addon/hint/show-hint.js?v=5.2.1 HTTP/1.1" 200 19792
::1 - - [30/Jul/2024:13:53:54 +0700] "GET /admin/js/vendor/codemirror/addon/hint/sql-hint.js?v=5.2.1 HTTP/1.1" 200 9560
::1 - - [30/Jul/2024:13:53:54 +0700] "GET /admin/js/vendor/codemirror/addon/lint/lint.js?v=5.2.1 HTTP/1.1" 200 9987
::1 - - [30/Jul/2024:13:53:54 +0700] "GET /admin/js/dist/codemirror/addon/lint/sql-lint.js?v=5.2.1 HTTP/1.1" 200 940
::1 - - [30/Jul/2024:13:53:54 +0700] "GET /admin/js/vendor/tracekit.js?v=5.2.1 HTTP/1.1" 200 47128
::1 - - [30/Jul/2024:13:53:54 +0700] "GET /admin/js/dist/error_report.js?v=5.2.1 HTTP/1.1" 200 9264
::1 - - [30/Jul/2024:13:53:54 +0700] "GET /admin/js/dist/drag_drop_import.js?v=5.2.1 HTTP/1.1" 200 12431
::1 - - [30/Jul/2024:13:53:54 +0700] "GET /admin/js/dist/shortcuts_handler.js?v=5.2.1 HTTP/1.1" 200 3303
::1 - - [30/Jul/2024:13:53:54 +0700] "GET /admin/js/dist/console.js?v=5.2.1 HTTP/1.1" 200 49548
::1 - - [30/Jul/2024:13:53:54 +0700] "GET /admin/themes/pmahomme/img/logo_right.png HTTP/1.1" 200 4306
::1 - - [30/Jul/2024:13:53:54 +0700] "GET /admin/themes/dot.gif HTTP/1.1" 200 43
::1 - - [30/Jul/2024:13:53:54 +0700] "GET /admin/js/messages.php?l=en&v=5.2.1 HTTP/1.1" 200 7911
::1 - - [30/Jul/2024:13:53:55 +0700] "GET /admin/themes/pmahomme/img/s_error.png HTTP/1.1" 200 614
::1 - - [30/Jul/2024:13:53:55 +0700] "GET /admin/show_config_errors.php HTTP/1.1" 200 367
::1 - - [30/Jul/2024:13:53:55 +0700] "GET /admin/themes/pmahomme/img/b_help.png HTTP/1.1" 200 705
::1 - - [30/Jul/2024:13:53:55 +0700] "GET /admin/favicon.ico HTTP/1.1" 200 22486
::1 - - [30/Jul/2024:13:53:55 +0700] "GET /admin/index.php HTTP/1.1" 200 4572
::1 - - [30/Jul/2024:13:53:55 +0700] "GET /admin/themes/pmahomme/jquery/jquery-ui.css HTTP/1.1" 200 36566
::1 - - [30/Jul/2024:13:53:55 +0700] "GET /admin/js/vendor/codemirror/addon/hint/show-hint.css?v=5.2.1 HTTP/1.1" 200 649
::1 - - [30/Jul/2024:13:53:55 +0700] "GET /admin/js/vendor/codemirror/lib/codemirror.css?v=5.2.1 HTTP/1.1" 200 8720
::1 - - [30/Jul/2024:13:53:55 +0700] "GET /admin/js/vendor/codemirror/addon/lint/lint.css?v=5.2.1 HTTP/1.1" 200 3035
::1 - - [30/Jul/2024:13:53:55 +0700] "GET /admin/themes/pmahomme/css/theme.css?v=5.2.1 HTTP/1.1" 200 357367
::1 - - [30/Jul/2024:13:53:55 +0700] "GET /admin/js/vendor/jquery/jquery.min.js?v=5.2.1 HTTP/1.1" 200 89947
::1 - - [30/Jul/2024:13:53:55 +0700] "GET /admin/js/vendor/jquery/jquery-migrate.min.js?v=5.2.1 HTTP/1.1" 200 13467
::1 - - [30/Jul/2024:13:53:55 +0700] "GET /admin/js/vendor/sprintf.js?v=5.2.1 HTTP/1.1" 200 7409
::1 - - [30/Jul/2024:13:53:55 +0700] "GET /admin/js/dist/ajax.js?v=5.2.1 HTTP/1.1" 200 29948
::1 - - [30/Jul/2024:13:53:55 +0700] "GET /admin/js/dist/keyhandler.js?v=5.2.1 HTTP/1.1" 200 2059
::1 - - [30/Jul/2024:13:53:55 +0700] "GET /admin/js/dist/name-conflict-fixes.js?v=5.2.1 HTTP/1.1" 200 43
::1 - - [30/Jul/2024:13:53:55 +0700] "GET /admin/js/vendor/jquery/jquery-ui.min.js?v=5.2.1 HTTP/1.1" 200 255084
::1 - - [30/Jul/2024:13:53:55 +0700] "GET /admin/js/vendor/js.cookie.js?v=5.2.1 HTTP/1.1" 200 3883
::1 - - [30/Jul/2024:13:53:55 +0700] "GET /admin/js/vendor/bootstrap/bootstrap.bundle.min.js?v=5.2.1 HTTP/1.1" 200 80420
::1 - - [30/Jul/2024:13:53:55 +0700] "GET /admin/js/vendor/jquery/jquery-ui-timepicker-addon.js?v=5.2.1 HTTP/1.1" 200 78475
::1 - - [30/Jul/2024:13:53:55 +0700] "GET /admin/js/vendor/jquery/jquery.debounce-1.0.6.js?v=5.2.1 HTTP/1.1" 200 1608
::1 - - [30/Jul/2024:13:53:55 +0700] "GET /admin/js/vendor/jquery/jquery.validate.min.js?v=5.2.1 HTTP/1.1" 200 24601
::1 - - [30/Jul/2024:13:53:55 +0700] "GET /admin/js/dist/menu_resizer.js?v=5.2.1 HTTP/1.1" 200 5729
::1 - - [30/Jul/2024:13:53:55 +0700] "GET /admin/js/dist/cross_framing_protection.js?v=5.2.1 HTTP/1.1" 200 405
::1 - - [30/Jul/2024:13:53:55 +0700] "GET /admin/js/dist/config.js?v=5.2.1 HTTP/1.1" 200 24059
::1 - - [30/Jul/2024:13:53:55 +0700] "GET /admin/js/dist/doclinks.js?v=5.2.1 HTTP/1.1" 200 18276
::1 - - [30/Jul/2024:13:53:55 +0700] "GET /admin/js/dist/functions.js?v=5.2.1 HTTP/1.1" 200 148069
::1 - - [30/Jul/2024:13:53:55 +0700] "GET /admin/js/dist/navigation.js?v=5.2.1 HTTP/1.1" 200 51830
::1 - - [30/Jul/2024:13:53:55 +0700] "GET /admin/js/dist/indexes.js?v=5.2.1 HTTP/1.1" 200 26962
::1 - - [30/Jul/2024:13:53:55 +0700] "GET /admin/js/dist/common.js?v=5.2.1 HTTP/1.1" 200 4530
::1 - - [30/Jul/2024:13:53:55 +0700] "GET /admin/js/dist/page_settings.js?v=5.2.1 HTTP/1.1" 200 1818
::1 - - [30/Jul/2024:13:53:55 +0700] "GET /admin/js/vendor/codemirror/lib/codemirror.js?v=5.2.1 HTTP/1.1" 200 401653
::1 - - [30/Jul/2024:13:53:55 +0700] "GET /admin/js/vendor/codemirror/mode/sql/sql.js?v=5.2.1 HTTP/1.1" 200 59564
::1 - - [30/Jul/2024:13:53:55 +0700] "GET /admin/js/vendor/codemirror/addon/runmode/runmode.js?v=5.2.1 HTTP/1.1" 200 2777
::1 - - [30/Jul/2024:13:53:55 +0700] "GET /admin/js/vendor/codemirror/addon/hint/show-hint.js?v=5.2.1 HTTP/1.1" 200 19792
::1 - - [30/Jul/2024:13:53:55 +0700] "GET /admin/js/vendor/codemirror/addon/hint/sql-hint.js?v=5.2.1 HTTP/1.1" 200 9560
::1 - - [30/Jul/2024:13:53:55 +0700] "GET /admin/js/dist/codemirror/addon/lint/sql-lint.js?v=5.2.1 HTTP/1.1" 200 940
::1 - - [30/Jul/2024:13:53:55 +0700] "GET /admin/js/vendor/codemirror/addon/lint/lint.js?v=5.2.1 HTTP/1.1" 200 9987
::1 - - [30/Jul/2024:13:53:55 +0700] "GET /admin/js/dist/error_report.js?v=5.2.1 HTTP/1.1" 200 9264
::1 - - [30/Jul/2024:13:53:55 +0700] "GET /admin/js/vendor/tracekit.js?v=5.2.1 HTTP/1.1" 200 47128
::1 - - [30/Jul/2024:13:53:55 +0700] "GET /admin/js/dist/shortcuts_handler.js?v=5.2.1 HTTP/1.1" 200 3303
::1 - - [30/Jul/2024:13:53:55 +0700] "GET /admin/js/dist/drag_drop_import.js?v=5.2.1 HTTP/1.1" 200 12431
::1 - - [30/Jul/2024:13:53:55 +0700] "GET /admin/js/dist/console.js?v=5.2.1 HTTP/1.1" 200 49548
::1 - - [30/Jul/2024:13:53:55 +0700] "GET /admin/themes/pmahomme/img/logo_right.png HTTP/1.1" 200 4306
::1 - - [30/Jul/2024:13:53:55 +0700] "GET /admin/themes/dot.gif HTTP/1.1" 200 43
::1 - - [30/Jul/2024:13:53:55 +0700] "GET /admin/js/messages.php?l=en&v=5.2.1 HTTP/1.1" 200 7911
::1 - - [30/Jul/2024:13:53:55 +0700] "GET /admin/themes/pmahomme/img/s_error.png HTTP/1.1" 200 614
::1 - - [30/Jul/2024:13:53:55 +0700] "GET /admin/show_config_errors.php HTTP/1.1" 200 367
::1 - - [30/Jul/2024:13:53:55 +0700] "GET /admin/themes/pmahomme/img/b_help.png HTTP/1.1" 200 705
::1 - - [30/Jul/2024:13:53:55 +0700] "GET /admin/favicon.ico HTTP/1.1" 200 22486
::1 - - [30/Jul/2024:13:53:55 +0700] "GET /admin/index.php HTTP/1.1" 200 4569
::1 - - [30/Jul/2024:13:53:56 +0700] "GET /admin/themes/pmahomme/jquery/jquery-ui.css HTTP/1.1" 200 36566
::1 - - [30/Jul/2024:13:53:56 +0700] "GET /admin/js/vendor/codemirror/lib/codemirror.css?v=5.2.1 HTTP/1.1" 200 8720
::1 - - [30/Jul/2024:13:53:56 +0700] "GET /admin/js/vendor/codemirror/addon/hint/show-hint.css?v=5.2.1 HTTP/1.1" 200 649
::1 - - [30/Jul/2024:13:53:56 +0700] "GET /admin/js/vendor/codemirror/addon/lint/lint.css?v=5.2.1 HTTP/1.1" 200 3035
::1 - - [30/Jul/2024:13:53:56 +0700] "GET /admin/themes/pmahomme/css/theme.css?v=5.2.1 HTTP/1.1" 200 357367
::1 - - [30/Jul/2024:13:53:56 +0700] "GET /admin/js/vendor/jquery/jquery.min.js?v=5.2.1 HTTP/1.1" 200 89947
::1 - - [30/Jul/2024:13:53:56 +0700] "GET /admin/js/vendor/jquery/jquery-migrate.min.js?v=5.2.1 HTTP/1.1" 200 13467
::1 - - [30/Jul/2024:13:53:56 +0700] "GET /admin/js/vendor/sprintf.js?v=5.2.1 HTTP/1.1" 200 7409
::1 - - [30/Jul/2024:13:53:56 +0700] "GET /admin/js/dist/keyhandler.js?v=5.2.1 HTTP/1.1" 200 2059
::1 - - [30/Jul/2024:13:53:56 +0700] "GET /admin/js/dist/ajax.js?v=5.2.1 HTTP/1.1" 200 29948
::1 - - [30/Jul/2024:13:53:56 +0700] "GET /admin/js/vendor/jquery/jquery-ui.min.js?v=5.2.1 HTTP/1.1" 200 255084
::1 - - [30/Jul/2024:13:53:56 +0700] "GET /admin/js/dist/name-conflict-fixes.js?v=5.2.1 HTTP/1.1" 200 43
::1 - - [30/Jul/2024:13:53:56 +0700] "GET /admin/js/vendor/js.cookie.js?v=5.2.1 HTTP/1.1" 200 3883
::1 - - [30/Jul/2024:13:53:56 +0700] "GET /admin/js/vendor/jquery/jquery.validate.min.js?v=5.2.1 HTTP/1.1" 200 24601
::1 - - [30/Jul/2024:13:53:56 +0700] "GET /admin/js/vendor/jquery/jquery-ui-timepicker-addon.js?v=5.2.1 HTTP/1.1" 200 78475
::1 - - [30/Jul/2024:13:53:56 +0700] "GET /admin/js/vendor/bootstrap/bootstrap.bundle.min.js?v=5.2.1 HTTP/1.1" 200 80420
::1 - - [30/Jul/2024:13:53:56 +0700] "GET /admin/js/vendor/jquery/jquery.debounce-1.0.6.js?v=5.2.1 HTTP/1.1" 200 1608
::1 - - [30/Jul/2024:13:53:56 +0700] "GET /admin/js/dist/menu_resizer.js?v=5.2.1 HTTP/1.1" 200 5729
::1 - - [30/Jul/2024:13:53:56 +0700] "GET /admin/js/dist/cross_framing_protection.js?v=5.2.1 HTTP/1.1" 200 405
::1 - - [30/Jul/2024:13:53:56 +0700] "GET /admin/js/dist/config.js?v=5.2.1 HTTP/1.1" 200 24059
::1 - - [30/Jul/2024:13:53:56 +0700] "GET /admin/js/dist/doclinks.js?v=5.2.1 HTTP/1.1" 200 18276
::1 - - [30/Jul/2024:13:53:56 +0700] "GET /admin/js/dist/functions.js?v=5.2.1 HTTP/1.1" 200 148069
::1 - - [30/Jul/2024:13:53:56 +0700] "GET /admin/js/dist/navigation.js?v=5.2.1 HTTP/1.1" 200 51830
::1 - - [30/Jul/2024:13:53:56 +0700] "GET /admin/js/dist/indexes.js?v=5.2.1 HTTP/1.1" 200 26962
::1 - - [30/Jul/2024:13:53:56 +0700] "GET /admin/js/dist/common.js?v=5.2.1 HTTP/1.1" 200 4530
::1 - - [30/Jul/2024:13:53:56 +0700] "GET /admin/js/dist/page_settings.js?v=5.2.1 HTTP/1.1" 200 1818
::1 - - [30/Jul/2024:13:53:56 +0700] "GET /admin/js/vendor/codemirror/lib/codemirror.js?v=5.2.1 HTTP/1.1" 200 401653
::1 - - [30/Jul/2024:13:53:56 +0700] "GET /admin/js/vendor/codemirror/addon/hint/show-hint.js?v=5.2.1 HTTP/1.1" 200 19792
::1 - - [30/Jul/2024:13:53:56 +0700] "GET /admin/js/vendor/codemirror/mode/sql/sql.js?v=5.2.1 HTTP/1.1" 200 59564
::1 - - [30/Jul/2024:13:53:56 +0700] "GET /admin/js/vendor/codemirror/addon/runmode/runmode.js?v=5.2.1 HTTP/1.1" 200 2777
::1 - - [30/Jul/2024:13:53:56 +0700] "GET /admin/js/vendor/codemirror/addon/hint/sql-hint.js?v=5.2.1 HTTP/1.1" 200 9560
::1 - - [30/Jul/2024:13:53:56 +0700] "GET /admin/js/dist/codemirror/addon/lint/sql-lint.js?v=5.2.1 HTTP/1.1" 200 940
::1 - - [30/Jul/2024:13:53:56 +0700] "GET /admin/js/dist/error_report.js?v=5.2.1 HTTP/1.1" 200 9264
::1 - - [30/Jul/2024:13:53:56 +0700] "GET /admin/js/vendor/codemirror/addon/lint/lint.js?v=5.2.1 HTTP/1.1" 200 9987
::1 - - [30/Jul/2024:13:53:56 +0700] "GET /admin/js/vendor/tracekit.js?v=5.2.1 HTTP/1.1" 200 47128
::1 - - [30/Jul/2024:13:53:56 +0700] "GET /admin/js/dist/drag_drop_import.js?v=5.2.1 HTTP/1.1" 200 12431
::1 - - [30/Jul/2024:13:53:56 +0700] "GET /admin/js/dist/shortcuts_handler.js?v=5.2.1 HTTP/1.1" 200 3303
::1 - - [30/Jul/2024:13:53:56 +0700] "GET /admin/js/dist/console.js?v=5.2.1 HTTP/1.1" 200 49548
::1 - - [30/Jul/2024:13:53:56 +0700] "GET /admin/themes/dot.gif HTTP/1.1" 200 43
::1 - - [30/Jul/2024:13:53:56 +0700] "GET /admin/themes/pmahomme/img/logo_right.png HTTP/1.1" 200 4306
::1 - - [30/Jul/2024:13:53:56 +0700] "GET /admin/js/messages.php?l=en&v=5.2.1 HTTP/1.1" 200 7911
::1 - - [30/Jul/2024:13:53:56 +0700] "GET /admin/themes/pmahomme/img/s_error.png HTTP/1.1" 200 614
::1 - - [30/Jul/2024:13:53:56 +0700] "GET /admin/show_config_errors.php HTTP/1.1" 200 367
::1 - - [30/Jul/2024:13:53:56 +0700] "GET /admin/themes/pmahomme/img/b_help.png HTTP/1.1" 200 705
::1 - - [30/Jul/2024:13:53:56 +0700] "GET /admin/favicon.ico HTTP/1.1" 200 22486
::1 - - [30/Jul/2024:13:54:18 +0700] "GET /admin/index.php HTTP/1.1" 200 4436
::1 - - [30/Jul/2024:13:54:18 +0700] "GET /admin/themes/pmahomme/jquery/jquery-ui.css HTTP/1.1" 200 36566
::1 - - [30/Jul/2024:13:54:18 +0700] "GET /admin/js/vendor/codemirror/lib/codemirror.css?v=5.2.1 HTTP/1.1" 200 8720
::1 - - [30/Jul/2024:13:54:18 +0700] "GET /admin/js/vendor/codemirror/addon/hint/show-hint.css?v=5.2.1 HTTP/1.1" 200 649
::1 - - [30/Jul/2024:13:54:18 +0700] "GET /admin/js/vendor/codemirror/addon/lint/lint.css?v=5.2.1 HTTP/1.1" 200 3035
::1 - - [30/Jul/2024:13:54:18 +0700] "GET /admin/themes/pmahomme/css/theme.css?v=5.2.1 HTTP/1.1" 200 357367
::1 - - [30/Jul/2024:13:54:18 +0700] "GET /admin/js/vendor/jquery/jquery.min.js?v=5.2.1 HTTP/1.1" 200 89947
::1 - - [30/Jul/2024:13:54:18 +0700] "GET /admin/js/vendor/jquery/jquery-migrate.min.js?v=5.2.1 HTTP/1.1" 200 13467
::1 - - [30/Jul/2024:13:54:18 +0700] "GET /admin/js/vendor/sprintf.js?v=5.2.1 HTTP/1.1" 200 7409
::1 - - [30/Jul/2024:13:54:18 +0700] "GET /admin/js/dist/ajax.js?v=5.2.1 HTTP/1.1" 200 29948
::1 - - [30/Jul/2024:13:54:18 +0700] "GET /admin/js/dist/keyhandler.js?v=5.2.1 HTTP/1.1" 200 2059
::1 - - [30/Jul/2024:13:54:18 +0700] "GET /admin/js/dist/name-conflict-fixes.js?v=5.2.1 HTTP/1.1" 200 43
::1 - - [30/Jul/2024:13:54:18 +0700] "GET /admin/js/vendor/jquery/jquery-ui.min.js?v=5.2.1 HTTP/1.1" 200 255084
::1 - - [30/Jul/2024:13:54:18 +0700] "GET /admin/js/vendor/js.cookie.js?v=5.2.1 HTTP/1.1" 200 3883
::1 - - [30/Jul/2024:13:54:18 +0700] "GET /admin/js/vendor/bootstrap/bootstrap.bundle.min.js?v=5.2.1 HTTP/1.1" 200 80420
::1 - - [30/Jul/2024:13:54:18 +0700] "GET /admin/js/vendor/jquery/jquery.validate.min.js?v=5.2.1 HTTP/1.1" 200 24601
::1 - - [30/Jul/2024:13:54:18 +0700] "GET /admin/js/vendor/jquery/jquery-ui-timepicker-addon.js?v=5.2.1 HTTP/1.1" 200 78475
::1 - - [30/Jul/2024:13:54:18 +0700] "GET /admin/js/vendor/jquery/jquery.debounce-1.0.6.js?v=5.2.1 HTTP/1.1" 200 1608
::1 - - [30/Jul/2024:13:54:18 +0700] "GET /admin/js/dist/menu_resizer.js?v=5.2.1 HTTP/1.1" 200 5729
::1 - - [30/Jul/2024:13:54:18 +0700] "GET /admin/js/dist/cross_framing_protection.js?v=5.2.1 HTTP/1.1" 200 405
::1 - - [30/Jul/2024:13:54:18 +0700] "GET /admin/js/dist/config.js?v=5.2.1 HTTP/1.1" 200 24059
::1 - - [30/Jul/2024:13:54:18 +0700] "GET /admin/js/dist/doclinks.js?v=5.2.1 HTTP/1.1" 200 18276
::1 - - [30/Jul/2024:13:54:18 +0700] "GET /admin/js/dist/functions.js?v=5.2.1 HTTP/1.1" 200 148069
::1 - - [30/Jul/2024:13:54:18 +0700] "GET /admin/js/dist/indexes.js?v=5.2.1 HTTP/1.1" 200 26962
::1 - - [30/Jul/2024:13:54:18 +0700] "GET /admin/js/dist/navigation.js?v=5.2.1 HTTP/1.1" 200 51830
::1 - - [30/Jul/2024:13:54:18 +0700] "GET /admin/js/dist/common.js?v=5.2.1 HTTP/1.1" 200 4530
::1 - - [30/Jul/2024:13:54:18 +0700] "GET /admin/js/dist/page_settings.js?v=5.2.1 HTTP/1.1" 200 1818
::1 - - [30/Jul/2024:13:54:18 +0700] "GET /admin/js/vendor/codemirror/mode/sql/sql.js?v=5.2.1 HTTP/1.1" 200 59564
::1 - - [30/Jul/2024:13:54:18 +0700] "GET /admin/js/vendor/codemirror/addon/runmode/runmode.js?v=5.2.1 HTTP/1.1" 200 2777
::1 - - [30/Jul/2024:13:54:18 +0700] "GET /admin/js/vendor/codemirror/lib/codemirror.js?v=5.2.1 HTTP/1.1" 200 401653
::1 - - [30/Jul/2024:13:54:18 +0700] "GET /admin/js/vendor/codemirror/addon/hint/show-hint.js?v=5.2.1 HTTP/1.1" 200 19792
::1 - - [30/Jul/2024:13:54:18 +0700] "GET /admin/js/vendor/codemirror/addon/hint/sql-hint.js?v=5.2.1 HTTP/1.1" 200 9560
::1 - - [30/Jul/2024:13:54:18 +0700] "GET /admin/js/vendor/codemirror/addon/lint/lint.js?v=5.2.1 HTTP/1.1" 200 9987
::1 - - [30/Jul/2024:13:54:18 +0700] "GET /admin/js/dist/error_report.js?v=5.2.1 HTTP/1.1" 200 9264
::1 - - [30/Jul/2024:13:54:18 +0700] "GET /admin/js/vendor/tracekit.js?v=5.2.1 HTTP/1.1" 200 47128
::1 - - [30/Jul/2024:13:54:18 +0700] "GET /admin/js/dist/codemirror/addon/lint/sql-lint.js?v=5.2.1 HTTP/1.1" 200 940
::1 - - [30/Jul/2024:13:54:18 +0700] "GET /admin/js/dist/drag_drop_import.js?v=5.2.1 HTTP/1.1" 200 12431
::1 - - [30/Jul/2024:13:54:18 +0700] "GET /admin/js/dist/shortcuts_handler.js?v=5.2.1 HTTP/1.1" 200 3303
::1 - - [30/Jul/2024:13:54:18 +0700] "GET /admin/js/dist/console.js?v=5.2.1 HTTP/1.1" 200 49548
::1 - - [30/Jul/2024:13:54:18 +0700] "GET /admin/themes/dot.gif HTTP/1.1" 200 43
::1 - - [30/Jul/2024:13:54:18 +0700] "GET /admin/themes/pmahomme/img/logo_right.png HTTP/1.1" 200 4306
::1 - - [30/Jul/2024:13:54:18 +0700] "GET /admin/js/messages.php?l=en&v=5.2.1 HTTP/1.1" 200 7911
::1 - - [30/Jul/2024:13:54:18 +0700] "GET /admin/themes/pmahomme/img/b_help.png HTTP/1.1" 200 705
::1 - - [30/Jul/2024:13:54:18 +0700] "GET /admin/favicon.ico HTTP/1.1" 200 22486
::1 - - [30/Jul/2024:13:54:25 +0700] "POST /admin/index.php?route=/ HTTP/1.1" 302 20
::1 - - [30/Jul/2024:13:54:25 +0700] "GET /admin/index.php?route=/&route=%2F HTTP/1.1" 200 16756
::1 - - [30/Jul/2024:13:54:26 +0700] "POST /admin/index.php?route=/config/get HTTP/1.1" 200 1556
::1 - - [30/Jul/2024:13:54:26 +0700] "POST /admin/index.php?route=/config/get HTTP/1.1" 200 1465
::1 - - [30/Jul/2024:13:54:26 +0700] "POST /admin/index.php?route=/version-check HTTP/1.1" 200 48
::1 - - [30/Jul/2024:13:54:26 +0700] "POST /admin/index.php?route=/navigation&ajax_request=1 HTTP/1.1" 200 2199
::1 - - [30/Jul/2024:13:54:26 +0700] "POST /admin/index.php?route=/database/structure/favorite-table&ajax_request=1&favorite_table=1&sync_favorite_tables=1 HTTP/1.1" 200 155
::1 - - [30/Jul/2024:13:54:26 +0700] "POST /admin/index.php?route=/config/set HTTP/1.1" 200 1456
::1 - - [30/Jul/2024:13:54:40 +0700] "GET / HTTP/1.1" 200 83675
::1 - - [30/Jul/2024:13:54:40 +0700] "GET /favicon.ico HTTP/1.1" 404 196
::1 - - [30/Jul/2024:13:55:40 +0700] "-" 408 -
